{
  "RSpec": {
    "coverage": {
      "/Users/russell.dunphy/Code/Gems/daodalus/lib/daodalus.rb": [
        1,
        1,
        1
      ],
      "/Users/russell.dunphy/Code/Gems/daodalus/lib/daodalus/all.rb": [
        1,
        1,
        1,
        1,
        1,
        1
      ],
      "/Users/russell.dunphy/Code/Gems/daodalus/lib/daodalus/configuration.rb": [
        1,
        1,
        1,
        null,
        1,
        1,
        1,
        1,
        null,
        1,
        1,
        null,
        null,
        1,
        2,
        null,
        null,
        1,
        2,
        null,
        null,
        1,
        1,
        null,
        null,
        1,
        null,
        1,
        1,
        null,
        null,
        1,
        1,
        null,
        null,
        null,
        null,
        null
      ],
      "/Users/russell.dunphy/Code/Gems/daodalus/lib/daodalus/connection.rb": [
        1,
        1,
        null,
        1,
        15,
        null,
        null,
        1,
        488,
        null,
        null,
        1,
        312,
        null,
        null,
        1,
        64,
        null,
        null,
        1,
        70,
        null,
        null,
        1,
        78,
        null,
        null,
        1,
        78,
        null,
        null,
        1,
        85,
        null,
        null,
        1,
        71,
        null,
        null,
        71,
        null,
        null,
        1,
        18,
        null,
        null,
        null,
        6,
        null,
        null,
        1,
        null,
        1,
        7,
        null,
        2,
        2,
        null,
        null,
        1,
        3,
        null,
        null,
        1,
        68,
        null,
        null,
        null,
        null,
        null
      ],
      "/Users/russell.dunphy/Code/Gems/daodalus/lib/daodalus/pool.rb": [
        1,
        null,
        1,
        1,
        1,
        null,
        1,
        485,
        null,
        null,
        1,
        518,
        null,
        null,
        1,
        1,
        null,
        null,
        null,
        null,
        1,
        null,
        null,
        null
      ],
      "/Users/russell.dunphy/Code/Gems/daodalus/lib/daodalus/dao.rb": [
        1,
        1,
        null,
        1,
        37,
        null,
        null,
        1,
        26,
        null,
        null,
        1,
        248,
        null,
        null,
        1,
        19,
        null,
        null,
        1,
        2,
        null,
        null,
        1,
        101,
        null,
        null,
        1,
        3,
        null,
        null,
        1,
        4,
        null,
        null,
        1,
        42,
        null,
        null,
        1,
        null,
        1,
        2,
        2,
        null,
        null,
        1,
        482,
        null,
        null,
        1,
        482,
        null,
        null,
        1,
        1,
        null,
        null
      ],
      "/Users/russell.dunphy/Code/Gems/daodalus/lib/daodalus/dsl/all.rb": [
        1,
        1,
        1,
        1,
        1,
        1,
        1,
        1
      ],
      "/Users/russell.dunphy/Code/Gems/daodalus/lib/daodalus/dsl/clause.rb": [
        1,
        1,
        null,
        1,
        null,
        1,
        4,
        null,
        1,
        null,
        1,
        16,
        null,
        1,
        null,
        1,
        4,
        null,
        1,
        null,
        1,
        7,
        null,
        1,
        null,
        1,
        6,
        null,
        1,
        null,
        1,
        3,
        null,
        null,
        1,
        4,
        null,
        1,
        null,
        1,
        3,
        null,
        null,
        1,
        3,
        null,
        null,
        1,
        10,
        null,
        null,
        1,
        3,
        null,
        null,
        1,
        4,
        null,
        1,
        null,
        1,
        6,
        4,
        5,
        1,
        null,
        1,
        null,
        null,
        null,
        1,
        3,
        3,
        null,
        null,
        3,
        0,
        null,
        null,
        3,
        null,
        null,
        1,
        4,
        null,
        null,
        1,
        4,
        null,
        null,
        1,
        3,
        null,
        1,
        null,
        1,
        42,
        null,
        1,
        null,
        1,
        null,
        1,
        null,
        1,
        null,
        6,
        null,
        null,
        1,
        67,
        null,
        null,
        1,
        65,
        null,
        null,
        null,
        null,
        null,
        null,
        null,
        null,
        null,
        null,
        null,
        null,
        null,
        null
      ],
      "/Users/russell.dunphy/Code/Gems/daodalus/lib/daodalus/dsl/queries.rb": [
        1,
        1,
        1,
        null,
        1,
        21,
        null,
        null,
        1,
        4,
        null,
        null,
        1,
        null,
        1,
        25,
        7,
        null,
        null,
        null,
        null,
        null,
        null,
        null,
        null,
        null,
        null,
        null,
        null,
        null
      ],
      "/Users/russell.dunphy/Code/Gems/daodalus/lib/daodalus/dsl/updates.rb": [
        1,
        1,
        1,
        null,
        1,
        18,
        null,
        null,
        1,
        3,
        null,
        null,
        null,
        null
      ],
      "/Users/russell.dunphy/Code/Gems/daodalus/lib/daodalus/dsl/aggregation/all.rb": [
        1,
        1,
        1,
        1,
        1,
        1,
        1,
        1
      ],
      "/Users/russell.dunphy/Code/Gems/daodalus/lib/daodalus/dsl/aggregation/operator.rb": [
        1,
        1,
        1,
        1,
        null,
        1,
        null,
        1,
        1,
        null,
        null,
        1,
        6,
        null,
        null,
        1,
        1,
        null,
        null,
        1,
        1,
        null,
        null,
        1,
        14,
        null,
        null,
        1,
        1,
        null,
        null,
        1,
        13,
        null,
        null,
        1,
        42,
        null,
        null,
        1,
        103,
        null,
        null,
        1,
        20,
        null,
        null,
        1,
        null,
        1,
        232,
        199,
        68,
        null,
        null,
        null,
        null,
        null,
        null,
        null,
        null,
        null,
        null,
        null,
        null,
        null,
        null,
        null,
        null
      ],
      "/Users/russell.dunphy/Code/Gems/daodalus/lib/daodalus/dsl/aggregation/match.rb": [
        1,
        1,
        1,
        1,
        1,
        1,
        null,
        1,
        null,
        1,
        56,
        56,
        56,
        56,
        null,
        null,
        1,
        44,
        null,
        null,
        1,
        44,
        null,
        null,
        1,
        null,
        1,
        null,
        1,
        2,
        null,
        null,
        1,
        28,
        null,
        null,
        null,
        null,
        null,
        null
      ],
      "/Users/russell.dunphy/Code/Gems/daodalus/lib/daodalus/dsl/aggregation/group.rb": [
        1,
        1,
        1,
        1,
        1,
        null,
        1,
        38,
        38,
        38,
        38,
        null,
        null,
        1,
        42,
        null,
        null,
        1,
        2,
        null,
        null,
        1,
        2,
        null,
        null,
        1,
        2,
        null,
        null,
        1,
        2,
        null,
        null,
        1,
        2,
        null,
        null,
        1,
        2,
        null,
        null,
        1,
        3,
        null,
        1,
        null,
        1,
        2,
        null,
        null,
        1,
        42,
        null,
        null,
        1,
        null,
        1,
        null,
        1,
        17,
        null,
        null,
        1,
        17,
        7,
        7,
        null,
        null,
        10,
        null,
        null,
        null,
        1,
        42,
        6,
        40,
        38,
        null,
        6,
        null,
        null,
        null,
        null,
        null,
        null,
        null
      ],
      "/Users/russell.dunphy/Code/Gems/daodalus/lib/daodalus/dsl/aggregation/limit.rb": [
        1,
        1,
        1,
        1,
        1,
        null,
        1,
        16,
        16,
        16,
        null,
        null,
        1,
        32,
        null,
        null,
        1,
        32,
        null,
        null,
        1,
        null,
        1,
        null,
        null,
        null,
        null,
        null
      ],
      "/Users/russell.dunphy/Code/Gems/daodalus/lib/daodalus/dsl/aggregation/skip.rb": [
        1,
        1,
        1,
        1,
        1,
        null,
        1,
        3,
        3,
        3,
        null,
        null,
        1,
        6,
        null,
        null,
        1,
        6,
        null,
        null,
        1,
        null,
        1,
        null,
        null,
        null,
        null,
        null
      ],
      "/Users/russell.dunphy/Code/Gems/daodalus/lib/daodalus/dsl/aggregation/sort.rb": [
        1,
        1,
        1,
        1,
        1,
        null,
        1,
        22,
        22,
        22,
        null,
        null,
        1,
        44,
        null,
        null,
        1,
        44,
        null,
        null,
        1,
        null,
        1,
        94,
        null,
        null,
        1,
        50,
        null,
        null,
        1,
        32,
        null,
        null,
        1,
        null,
        null,
        null,
        null,
        null
      ],
      "/Users/russell.dunphy/Code/Gems/daodalus/lib/daodalus/dsl/aggregation/project.rb": [
        1,
        1,
        1,
        1,
        1,
        null,
        1,
        84,
        84,
        84,
        84,
        84,
        null,
        null,
        1,
        34,
        null,
        null,
        1,
        34,
        null,
        null,
        1,
        26,
        null,
        null,
        1,
        6,
        null,
        null,
        1,
        6,
        null,
        null,
        1,
        4,
        null,
        null,
        1,
        3,
        null,
        null,
        1,
        3,
        null,
        null,
        1,
        3,
        null,
        null,
        1,
        55,
        61,
        null,
        null,
        null,
        1,
        100,
        null,
        null,
        1,
        null,
        1,
        54,
        3,
        23,
        4,
        null,
        19,
        null,
        null,
        null,
        1,
        19,
        null,
        null,
        1,
        60,
        null,
        null,
        1,
        null,
        null,
        null,
        null,
        null
      ],
      "/Users/russell.dunphy/Code/Gems/daodalus/lib/daodalus/dsl/aggregation/unwind.rb": [
        1,
        1,
        1,
        1,
        1,
        null,
        1,
        3,
        3,
        3,
        null,
        null,
        1,
        6,
        null,
        null,
        1,
        6,
        null,
        null,
        1,
        null,
        1,
        null,
        null,
        null,
        null,
        null
      ],
      "/Users/russell.dunphy/Code/Gems/daodalus/lib/daodalus/dsl/update.rb": [
        1,
        1,
        1,
        1,
        1,
        null,
        1,
        89,
        89,
        89,
        89,
        null,
        null,
        1,
        8,
        null,
        null,
        1,
        3,
        null,
        null,
        1,
        5,
        null,
        null,
        1,
        3,
        null,
        null,
        1,
        6,
        3,
        null,
        3,
        null,
        null,
        null,
        1,
        6,
        null,
        null,
        1,
        6,
        3,
        null,
        3,
        null,
        null,
        null,
        1,
        6,
        null,
        null,
        1,
        3,
        null,
        null,
        1,
        3,
        null,
        1,
        null,
        1,
        6,
        3,
        null,
        3,
        null,
        null,
        null,
        1,
        6,
        null,
        null,
        1,
        18,
        null,
        null,
        1,
        1,
        null,
        null,
        1,
        null,
        1,
        52,
        null,
        null,
        1,
        65,
        null,
        null,
        null,
        null,
        null
      ],
      "/Users/russell.dunphy/Code/Gems/daodalus/lib/daodalus/dsl/select.rb": [
        1,
        1,
        1,
        1,
        null,
        1,
        null,
        1,
        15,
        15,
        15,
        15,
        null,
        null,
        1,
        35,
        null,
        null,
        1,
        3,
        null,
        null,
        1,
        2,
        null,
        null,
        1,
        3,
        null,
        null,
        1,
        1,
        null,
        null,
        1,
        null,
        1,
        4,
        null,
        1,
        null,
        null,
        null,
        null
      ],
      "/Users/russell.dunphy/Code/Gems/daodalus/lib/daodalus/dsl/where.rb": [
        1,
        1,
        1,
        1,
        1,
        1,
        null,
        1,
        null,
        1,
        180,
        180,
        180,
        180,
        180,
        null,
        null,
        1,
        1,
        null,
        null,
        1,
        1,
        null,
        null,
        1,
        13,
        null,
        null,
        1,
        null,
        1,
        null,
        1,
        2,
        null,
        null,
        1,
        90,
        null,
        null,
        null,
        null,
        null,
        null
      ],
      "/Users/russell.dunphy/Code/Gems/daodalus/lib/daodalus/dsl/transform.rb": [
        1,
        1,
        1,
        null,
        1,
        47,
        47,
        null,
        null,
        1,
        21,
        null,
        null,
        1,
        2,
        2,
        null,
        null,
        1,
        20,
        null,
        null,
        1,
        3,
        3,
        null,
        null,
        1,
        2,
        null,
        null,
        1,
        1,
        null,
        null,
        1,
        null,
        1,
        null,
        null,
        null
      ],
      "/Users/russell.dunphy/Code/Gems/daodalus/lib/daodalus/dsl.rb": [
        1,
        1,
        1,
        null,
        1,
        28,
        null,
        null,
        1,
        7,
        null,
        null,
        1,
        4,
        null,
        null,
        1,
        1,
        null,
        null,
        1,
        4,
        null,
        null,
        1,
        1,
        null,
        null,
        1,
        2,
        null,
        null,
        1,
        1,
        null,
        null,
        1,
        2,
        null,
        null,
        1,
        1,
        null,
        null,
        1,
        1,
        null,
        null,
        1,
        1,
        null,
        null,
        1,
        2,
        null,
        null,
        1,
        1,
        null,
        null,
        1,
        24,
        null,
        null,
        1,
        4,
        null,
        null,
        1,
        2,
        null,
        null,
        1,
        1,
        null,
        null,
        1,
        7,
        null,
        null,
        1,
        1,
        null,
        null,
        1,
        18,
        null,
        null,
        1,
        2,
        null,
        null,
        1,
        1,
        null,
        null,
        null
      ]
    },
    "timestamp": 1357664510
  }
}
