{
  "RSpec": {
    "coverage": {
      "/Users/russell.dunphy/Code/Gems/daodalus/lib/daodalus.rb": [
        1,
        1,
        1
      ],
      "/Users/russell.dunphy/Code/Gems/daodalus/lib/daodalus/all.rb": [
        1,
        1,
        1,
        1,
        1,
        1
      ],
      "/Users/russell.dunphy/Code/Gems/daodalus/lib/daodalus/configuration.rb": [
        1,
        1,
        1,
        null,
        1,
        1,
        1,
        1,
        null,
        1,
        1,
        null,
        null,
        1,
        2,
        null,
        null,
        1,
        2,
        null,
        null,
        1,
        1,
        null,
        null,
        1,
        null,
        1,
        1,
        null,
        null,
        1,
        1,
        null,
        null,
        null,
        null,
        null
      ],
      "/Users/russell.dunphy/Code/Gems/daodalus/lib/daodalus/connection.rb": [
        1,
        1,
        null,
        1,
        15,
        null,
        null,
        1,
        162,
        null,
        null,
        1,
        256,
        null,
        null,
        1,
        50,
        null,
        null,
        1,
        56,
        null,
        null,
        1,
        64,
        null,
        null,
        1,
        64,
        null,
        null,
        1,
        71,
        null,
        null,
        1,
        57,
        null,
        null,
        57,
        null,
        null,
        1,
        18,
        null,
        null,
        null,
        6,
        null,
        null,
        1,
        null,
        1,
        7,
        null,
        2,
        2,
        null,
        null,
        1,
        3,
        null,
        null,
        1,
        54,
        null,
        null,
        null,
        null,
        null
      ],
      "/Users/russell.dunphy/Code/Gems/daodalus/lib/daodalus/pool.rb": [
        1,
        null,
        1,
        1,
        1,
        null,
        1,
        159,
        null,
        null,
        1,
        185,
        null,
        null,
        1,
        1,
        null,
        null,
        null,
        null,
        1,
        null,
        null,
        null
      ],
      "/Users/russell.dunphy/Code/Gems/daodalus/lib/daodalus/dao.rb": [
        1,
        1,
        null,
        1,
        36,
        null,
        null,
        1,
        8,
        null,
        null,
        1,
        42,
        null,
        null,
        1,
        19,
        null,
        null,
        1,
        2,
        null,
        null,
        1,
        41,
        null,
        null,
        1,
        3,
        null,
        null,
        1,
        4,
        null,
        null,
        1,
        1,
        null,
        null,
        1,
        null,
        1,
        2,
        2,
        null,
        null,
        1,
        156,
        null,
        null,
        1,
        156,
        null,
        null,
        1,
        1,
        null,
        null
      ],
      "/Users/russell.dunphy/Code/Gems/daodalus/lib/daodalus/dsl/all.rb": [
        1,
        1,
        1,
        1,
        1,
        1,
        1,
        1
      ],
      "/Users/russell.dunphy/Code/Gems/daodalus/lib/daodalus/dsl/clause.rb": [
        1,
        1,
        null,
        1,
        null,
        1,
        2,
        null,
        1,
        null,
        1,
        9,
        null,
        1,
        null,
        1,
        2,
        null,
        1,
        null,
        1,
        5,
        null,
        1,
        null,
        1,
        2,
        null,
        1,
        null,
        1,
        1,
        null,
        null,
        1,
        2,
        null,
        1,
        null,
        1,
        1,
        null,
        null,
        1,
        1,
        null,
        null,
        1,
        2,
        null,
        null,
        1,
        1,
        null,
        null,
        1,
        2,
        null,
        1,
        null,
        1,
        4,
        2,
        5,
        1,
        null,
        1,
        null,
        null,
        null,
        1,
        1,
        null,
        null,
        1,
        2,
        null,
        null,
        1,
        2,
        null,
        null,
        1,
        1,
        null,
        1,
        null,
        1,
        36,
        null,
        1,
        null,
        1,
        null,
        1,
        null,
        1,
        null,
        4,
        null,
        null,
        1,
        30,
        null,
        null,
        1,
        31,
        null,
        null,
        null,
        null,
        null,
        null,
        null,
        null,
        null,
        null,
        null,
        null,
        null,
        null
      ],
      "/Users/russell.dunphy/Code/Gems/daodalus/lib/daodalus/dsl/queries.rb": [
        1,
        1,
        1,
        null,
        1,
        4,
        null,
        null,
        1,
        3,
        null,
        null,
        1,
        null,
        1,
        7,
        6,
        null,
        null,
        null,
        null,
        null,
        null,
        null,
        null,
        null,
        null,
        null,
        null,
        null
      ],
      "/Users/russell.dunphy/Code/Gems/daodalus/lib/daodalus/dsl/updates.rb": [
        1,
        1,
        1,
        null,
        1,
        18,
        null,
        null,
        1,
        3,
        null,
        null,
        null,
        null
      ],
      "/Users/russell.dunphy/Code/Gems/daodalus/lib/daodalus/dsl/aggregation/all.rb": [
        1,
        1,
        1,
        1,
        1,
        1,
        1,
        1
      ],
      "/Users/russell.dunphy/Code/Gems/daodalus/lib/daodalus/dsl/aggregation/operator.rb": [
        1,
        1,
        1,
        1,
        null,
        1,
        1,
        null,
        null,
        1,
        1,
        null,
        null,
        1,
        1,
        null,
        null,
        1,
        1,
        null,
        null,
        1,
        1,
        null,
        null,
        1,
        1,
        null,
        null,
        1,
        13,
        null,
        null,
        1,
        1,
        null,
        null,
        1,
        43,
        null,
        null,
        1,
        null,
        1,
        92,
        73,
        11,
        null,
        null,
        null,
        null,
        null,
        null,
        null,
        null,
        null,
        null,
        null,
        null,
        null,
        null,
        null,
        null
      ],
      "/Users/russell.dunphy/Code/Gems/daodalus/lib/daodalus/dsl/aggregation/match.rb": [
        1,
        1,
        1,
        1,
        1,
        1,
        null,
        1,
        10,
        10,
        10,
        10,
        null,
        null,
        1,
        8,
        null,
        null,
        1,
        8,
        null,
        null,
        1,
        null,
        1,
        null,
        1,
        1,
        null,
        null,
        1,
        5,
        null,
        null,
        null,
        null,
        null,
        null
      ],
      "/Users/russell.dunphy/Code/Gems/daodalus/lib/daodalus/dsl/aggregation/group.rb": [
        1,
        1,
        1,
        1,
        1,
        null,
        1,
        22,
        22,
        22,
        22,
        null,
        null,
        1,
        26,
        null,
        null,
        1,
        1,
        null,
        null,
        1,
        1,
        null,
        null,
        1,
        1,
        null,
        null,
        1,
        1,
        null,
        null,
        1,
        1,
        null,
        null,
        1,
        1,
        null,
        null,
        1,
        2,
        null,
        null,
        1,
        1,
        null,
        null,
        1,
        26,
        null,
        null,
        1,
        null,
        1,
        null,
        1,
        9,
        null,
        null,
        1,
        9,
        7,
        7,
        null,
        null,
        2,
        null,
        null,
        null,
        1,
        26,
        6,
        24,
        22,
        null,
        6,
        null,
        null,
        null,
        null,
        null,
        null,
        null
      ],
      "/Users/russell.dunphy/Code/Gems/daodalus/lib/daodalus/dsl/aggregation/limit.rb": [
        1,
        1,
        1,
        1,
        1,
        null,
        1,
        15,
        15,
        15,
        null,
        null,
        1,
        30,
        null,
        null,
        1,
        30,
        null,
        null,
        1,
        null,
        1,
        null,
        null,
        null,
        null,
        null
      ],
      "/Users/russell.dunphy/Code/Gems/daodalus/lib/daodalus/dsl/aggregation/skip.rb": [
        1,
        1,
        1,
        1,
        1,
        null,
        1,
        3,
        3,
        3,
        null,
        null,
        1,
        6,
        null,
        null,
        1,
        6,
        null,
        null,
        1,
        null,
        1,
        null,
        null,
        null,
        null,
        null
      ],
      "/Users/russell.dunphy/Code/Gems/daodalus/lib/daodalus/dsl/aggregation/sort.rb": [
        1,
        1,
        1,
        1,
        1,
        null,
        1,
        3,
        3,
        3,
        null,
        null,
        1,
        6,
        null,
        null,
        1,
        6,
        null,
        null,
        1,
        null,
        1,
        16,
        null,
        null,
        1,
        10,
        null,
        null,
        1,
        4,
        null,
        null,
        1,
        null,
        null,
        null,
        null,
        null
      ],
      "/Users/russell.dunphy/Code/Gems/daodalus/lib/daodalus/dsl/aggregation/project.rb": [
        1,
        1,
        1,
        1,
        1,
        null,
        1,
        43,
        43,
        43,
        43,
        43,
        null,
        null,
        1,
        6,
        null,
        null,
        1,
        6,
        null,
        null,
        1,
        13,
        null,
        null,
        1,
        4,
        null,
        null,
        1,
        4,
        null,
        null,
        1,
        1,
        null,
        null,
        1,
        1,
        null,
        null,
        1,
        1,
        null,
        null,
        1,
        1,
        null,
        null,
        1,
        52,
        null,
        null,
        1,
        28,
        null,
        null,
        1,
        null,
        1,
        28,
        2,
        11,
        3,
        null,
        8,
        null,
        null,
        null,
        1,
        8,
        null,
        null,
        1,
        27,
        null,
        null,
        1,
        null,
        null,
        null,
        null,
        null
      ],
      "/Users/russell.dunphy/Code/Gems/daodalus/lib/daodalus/dsl/aggregation/unwind.rb": [
        1,
        1,
        1,
        1,
        1,
        null,
        1,
        3,
        3,
        3,
        null,
        null,
        1,
        6,
        null,
        null,
        1,
        6,
        null,
        null,
        1,
        null,
        1,
        null,
        null,
        null,
        null,
        null
      ],
      "/Users/russell.dunphy/Code/Gems/daodalus/lib/daodalus/dsl/update.rb": [
        1,
        1,
        1,
        1,
        1,
        null,
        1,
        89,
        89,
        89,
        89,
        null,
        null,
        1,
        8,
        null,
        null,
        1,
        3,
        null,
        null,
        1,
        5,
        null,
        null,
        1,
        3,
        null,
        null,
        1,
        6,
        3,
        null,
        3,
        null,
        null,
        null,
        1,
        6,
        null,
        null,
        1,
        6,
        3,
        null,
        3,
        null,
        null,
        null,
        1,
        6,
        null,
        null,
        1,
        3,
        null,
        null,
        1,
        3,
        null,
        1,
        null,
        1,
        6,
        3,
        null,
        3,
        null,
        null,
        null,
        1,
        6,
        null,
        null,
        1,
        18,
        null,
        null,
        1,
        1,
        null,
        null,
        1,
        null,
        1,
        null,
        1,
        52,
        null,
        null,
        1,
        65,
        null,
        null,
        null,
        null,
        null
      ],
      "/Users/russell.dunphy/Code/Gems/daodalus/lib/daodalus/dsl/select.rb": [
        1,
        1,
        1,
        1,
        null,
        1,
        12,
        12,
        12,
        12,
        null,
        null,
        1,
        32,
        null,
        null,
        1,
        2,
        null,
        null,
        1,
        1,
        null,
        null,
        1,
        2,
        null,
        null,
        1,
        1,
        null,
        null,
        1,
        null,
        1,
        2,
        null,
        1,
        null,
        null,
        null,
        null
      ],
      "/Users/russell.dunphy/Code/Gems/daodalus/lib/daodalus/dsl/where.rb": [
        1,
        1,
        1,
        1,
        1,
        1,
        null,
        1,
        null,
        1,
        134,
        134,
        134,
        134,
        134,
        null,
        null,
        1,
        1,
        null,
        null,
        1,
        1,
        null,
        null,
        1,
        1,
        null,
        null,
        1,
        null,
        1,
        null,
        1,
        1,
        null,
        null,
        1,
        67,
        null,
        null,
        null,
        null,
        null,
        null
      ],
      "/Users/russell.dunphy/Code/Gems/daodalus/lib/daodalus/dsl/transform.rb": [
        1,
        1,
        1,
        null,
        1,
        13,
        13,
        null,
        null,
        1,
        1,
        null,
        null,
        1,
        2,
        2,
        null,
        null,
        1,
        6,
        null,
        null,
        1,
        3,
        3,
        null,
        null,
        1,
        1,
        null,
        null,
        1,
        null,
        1,
        null,
        null,
        null
      ],
      "/Users/russell.dunphy/Code/Gems/daodalus/lib/daodalus/dsl.rb": [
        1,
        1,
        1,
        null,
        1,
        6,
        null,
        null,
        1,
        6,
        null,
        null,
        1,
        4,
        null,
        null,
        1,
        1,
        null,
        null,
        1,
        4,
        null,
        null,
        1,
        1,
        null,
        null,
        1,
        2,
        null,
        null,
        1,
        1,
        null,
        null,
        1,
        2,
        null,
        null,
        1,
        1,
        null,
        null,
        1,
        1,
        null,
        null,
        1,
        1,
        null,
        null,
        1,
        2,
        null,
        null,
        1,
        1,
        null,
        null,
        1,
        2,
        null,
        null,
        1,
        1,
        null,
        null,
        1,
        1,
        null,
        null,
        1,
        1,
        null,
        null,
        1,
        1,
        null,
        null,
        1,
        1,
        null,
        null,
        1,
        3,
        null,
        null,
        1,
        1,
        null,
        null,
        null,
        null
      ]
    },
    "timestamp": 1357648523
  }
}
